app/build/intermediates/manifest_merge_blame_file/debug/manifest-merger-blame-debug-report.txt
1<?xml version="1.0" encoding="utf-8"?>
2<manifest xmlns:android="http://schemas.android.com/apk/res/android"
3    package="com.darrenai.jarvis"
4    android:versionCode="6"
5    android:versionName="3.0.0-fsa" >
6
7    <uses-sdk
8        android:minSdkVersion="26"
9        android:targetSdkVersion="34" />
10
11    <uses-permission android:name="android.permission.INTERNET" />
11-->src\main\AndroidManifest.xml:4:5-67
11-->src\main\AndroidManifest.xml:4:22-64
12    <uses-permission android:name="android.permission.RECORD_AUDIO" />
12-->src\main\AndroidManifest.xml:5:5-71
12-->src\main\AndroidManifest.xml:5:22-68
13    <uses-permission android:name="android.permission.ACCESS_NETWORK_STATE" />
13-->src\main\AndroidManifest.xml:6:5-79
13-->src\main\AndroidManifest.xml:6:22-76
14
15    <permission
15-->[androidx.core:core:1.12.0] AndroidManifest.xml:22:5-24:47
16        android:name="com.darrenai.jarvis.DYNAMIC_RECEIVER_NOT_EXPORTED_PERMISSION"
16-->[androidx.core:core:1.12.0] AndroidManifest.xml:23:9-81
17        android:protectionLevel="signature" />
17-->[androidx.core:core:1.12.0] AndroidManifest.xml:24:9-44
18
19    <uses-permission android:name="com.darrenai.jarvis.DYNAMIC_RECEIVER_NOT_EXPORTED_PERMISSION" />
19-->[androidx.core:core:1.12.0] AndroidManifest.xml:26:5-97
19-->[androidx.core:core:1.12.0] AndroidManifest.xml:26:22-94
20
21    <application
21-->src\main\AndroidManifest.xml:8:5-38:19
22        android:allowBackup="true"
22-->src\main\AndroidManifest.xml:9:9-35
23        android:appComponentFactory="androidx.core.app.CoreComponentFactory"
23-->[androidx.core:core:1.12.0] AndroidManifest.xml:28:18-86
24        android:debuggable="true"
25        android:extractNativeLibs="false"
26        android:icon="@mipmap/ic_launcher"
26-->src\main\AndroidManifest.xml:10:9-43
27        android:label="JARVIS"
27-->src\main\AndroidManifest.xml:11:9-31
28        android:supportsRtl="true"
28-->src\main\AndroidManifest.xml:12:9-35
29        android:theme="@style/Theme.JarvisFSA"
29-->src\main\AndroidManifest.xml:13:9-47
30        android:usesCleartextTraffic="true" >
30-->src\main\AndroidManifest.xml:14:9-44
31        <activity
31-->src\main\AndroidManifest.xml:16:9-24:20
32            android:name="com.darrenai.jarvis.MainActivity"
32-->src\main\AndroidManifest.xml:17:13-41
33            android:exported="true"
33-->src\main\AndroidManifest.xml:18:13-36
34            android:windowSoftInputMode="adjustResize" >
34-->src\main\AndroidManifest.xml:19:13-55
35            <intent-filter>
35-->src\main\AndroidManifest.xml:20:13-23:29
36                <action android:name="android.intent.action.MAIN" />
36-->src\main\AndroidManifest.xml:21:17-69
36-->src\main\AndroidManifest.xml:21:25-66
37
38                <category android:name="android.intent.category.LAUNCHER" />
38-->src\main\AndroidManifest.xml:22:17-77
38-->src\main\AndroidManifest.xml:22:27-74
39            </intent-filter>
40        </activity>
41        <activity
41-->src\main\AndroidManifest.xml:26:9-30:54
42            android:name="com.darrenai.jarvis.ui.FaceActivity"
42-->src\main\AndroidManifest.xml:27:13-44
43            android:exported="false"
43-->src\main\AndroidManifest.xml:28:13-37
44            android:label="Jarvis Face"
44-->src\main\AndroidManifest.xml:29:13-40
45            android:theme="@style/Theme.JarvisFSA" />
45-->src\main\AndroidManifest.xml:30:13-51
46        <activity
46-->src\main\AndroidManifest.xml:32:9-36:58
47            android:name="com.darrenai.jarvis.ui.SettingsActivity"
47-->src\main\AndroidManifest.xml:33:13-48
48            android:exported="false"
48-->src\main\AndroidManifest.xml:34:13-37
49            android:label="Settings"
49-->src\main\AndroidManifest.xml:35:13-37
50            android:parentActivityName="com.darrenai.jarvis.MainActivity" />
50-->src\main\AndroidManifest.xml:36:13-55
51
52        <provider
52-->[androidx.emoji2:emoji2:1.2.0] AndroidManifest.xml:24:9-32:20
53            android:name="androidx.startup.InitializationProvider"
53-->[androidx.emoji2:emoji2:1.2.0] AndroidManifest.xml:25:13-67
54            android:authorities="com.darrenai.jarvis.androidx-startup"
54-->[androidx.emoji2:emoji2:1.2.0] AndroidManifest.xml:26:13-68
55            android:exported="false" >
55-->[androidx.emoji2:emoji2:1.2.0] AndroidManifest.xml:27:13-37
56            <meta-data
56-->[androidx.emoji2:emoji2:1.2.0] AndroidManifest.xml:29:13-31:52
57                android:name="androidx.emoji2.text.EmojiCompatInitializer"
57-->[androidx.emoji2:emoji2:1.2.0] AndroidManifest.xml:30:17-75
58                android:value="androidx.startup" />
58-->[androidx.emoji2:emoji2:1.2.0] AndroidManifest.xml:31:17-49
59            <meta-data
59-->[androidx.lifecycle:lifecycle-process:2.7.0] AndroidManifest.xml:29:13-31:52
60                android:name="androidx.lifecycle.ProcessLifecycleInitializer"
60-->[androidx.lifecycle:lifecycle-process:2.7.0] AndroidManifest.xml:30:17-78
61                android:value="androidx.startup" />
61-->[androidx.lifecycle:lifecycle-process:2.7.0] AndroidManifest.xml:31:17-49
62            <meta-data
62-->[androidx.profileinstaller:profileinstaller:1.3.0] AndroidManifest.xml:29:13-31:52
63                android:name="androidx.profileinstaller.ProfileInstallerInitializer"
63-->[androidx.profileinstaller:profileinstaller:1.3.0] AndroidManifest.xml:30:17-85
64                android:value="androidx.startup" />
64-->[androidx.profileinstaller:profileinstaller:1.3.0] AndroidManifest.xml:31:17-49
65        </provider>
66
67        <uses-library
67-->[androidx.window:window:1.0.0] AndroidManifest.xml:25:9-27:40
68            android:name="androidx.window.extensions"
68-->[androidx.window:window:1.0.0] AndroidManifest.xml:26:13-54
69            android:required="false" />
69-->[androidx.window:window:1.0.0] AndroidManifest.xml:27:13-37
70        <uses-library
70-->[androidx.window:window:1.0.0] AndroidManifest.xml:28:9-30:40
71            android:name="androidx.window.sidecar"
71-->[androidx.window:window:1.0.0] AndroidManifest.xml:29:13-51
72            android:required="false" />
72-->[androidx.window:window:1.0.0] AndroidManifest.xml:30:13-37
73
74        <receiver
74-->[androidx.profileinstaller:profileinstaller:1.3.0] AndroidManifest.xml:34:9-52:20
75            android:name="androidx.profileinstaller.ProfileInstallReceiver"
75-->[androidx.profileinstaller:profileinstaller:1.3.0] AndroidManifest.xml:35:13-76
76            android:directBootAware="false"
76-->[androidx.profileinstaller:profileinstaller:1.3.0] AndroidManifest.xml:36:13-44
77            android:enabled="true"
77-->[androidx.profileinstaller:profileinstaller:1.3.0] AndroidManifest.xml:37:13-35
78            android:exported="true"
78-->[androidx.profileinstaller:profileinstaller:1.3.0] AndroidManifest.xml:38:13-36
79            android:permission="android.permission.DUMP" >
79-->[androidx.profileinstaller:profileinstaller:1.3.0] AndroidManifest.xml:39:13-57
80            <intent-filter>
80-->[androidx.profileinstaller:profileinstaller:1.3.0] AndroidManifest.xml:40:13-42:29
81                <action android:name="androidx.profileinstaller.action.INSTALL_PROFILE" />
81-->[androidx.profileinstaller:profileinstaller:1.3.0] AndroidManifest.xml:41:17-91
81-->[androidx.profileinstaller:profileinstaller:1.3.0] AndroidManifest.xml:41:25-88
82            </intent-filter>
83            <intent-filter>
83-->[androidx.profileinstaller:profileinstaller:1.3.0] AndroidManifest.xml:43:13-45:29
84                <action android:name="androidx.profileinstaller.action.SKIP_FILE" />
84-->[androidx.profileinstaller:profileinstaller:1.3.0] AndroidManifest.xml:44:17-85
84-->[androidx.profileinstaller:profileinstaller:1.3.0] AndroidManifest.xml:44:25-82
85            </intent-filter>
86            <intent-filter>
86-->[androidx.profileinstaller:profileinstaller:1.3.0] AndroidManifest.xml:46:13-48:29
87                <action android:name="androidx.profileinstaller.action.SAVE_PROFILE" />
87-->[androidx.profileinstaller:profileinstaller:1.3.0] AndroidManifest.xml:47:17-88
87-->[androidx.profileinstaller:profileinstaller:1.3.0] AndroidManifest.xml:47:25-85
88            </intent-filter>
89            <intent-filter>
89-->[androidx.profileinstaller:profileinstaller:1.3.0] AndroidManifest.xml:49:13-51:29
90                <action android:name="androidx.profileinstaller.action.BENCHMARK_OPERATION" />
90-->[androidx.profileinstaller:profileinstaller:1.3.0] AndroidManifest.xml:50:17-95
90-->[androidx.profileinstaller:profileinstaller:1.3.0] AndroidManifest.xml:50:25-92
91            </intent-filter>
92        </receiver>
93    </application>
94
95</manifest>